<?xml version="1.0" encoding="UTF-8"?>
<coverage generated="1674750490358" clover="3.2.0">
  <project timestamp="1674750490358" name="All files">
    <metrics statements="44" coveredstatements="44" conditionals="5" coveredconditionals="5" methods="29" coveredmethods="29" elements="78" coveredelements="78" complexity="0" loc="44" ncloc="44" packages="1" files="3" classes="3"/>
    <file name="Author.ts" path="/Users/axelhuon/Lab/Cours/TDD/td-rendu/class/Author.ts">
      <metrics statements="12" coveredstatements="12" conditionals="1" coveredconditionals="1" methods="9" coveredmethods="9"/>
      <line num="4" count="1" type="stmt"/>
      <line num="6" count="38" type="stmt"/>
      <line num="7" count="38" type="stmt"/>
      <line num="10" count="38" type="stmt"/>
      <line num="14" count="3" type="stmt"/>
      <line num="18" count="1" type="stmt"/>
      <line num="22" count="4" type="stmt"/>
      <line num="23" count="8" type="cond" truecount="1" falsecount="0"/>
      <line num="24" count="8" type="stmt"/>
      <line num="30" count="2" type="stmt"/>
      <line num="34" count="1" type="stmt"/>
      <line num="38" count="1" type="stmt"/>
    </file>
    <file name="Doc.ts" path="/Users/axelhuon/Lab/Cours/TDD/td-rendu/class/Doc.ts">
      <metrics statements="17" coveredstatements="17" conditionals="3" coveredconditionals="3" methods="10" coveredmethods="10"/>
      <line num="4" count="1" type="stmt"/>
      <line num="11" count="35" type="stmt"/>
      <line num="12" count="35" type="stmt"/>
      <line num="13" count="35" type="stmt"/>
      <line num="14" count="35" type="stmt"/>
      <line num="18" count="3" type="stmt"/>
      <line num="22" count="2" type="stmt"/>
      <line num="26" count="3" type="stmt"/>
      <line num="30" count="1" type="stmt"/>
      <line num="34" count="1" type="stmt"/>
      <line num="38" count="1" type="stmt"/>
      <line num="42" count="1" type="stmt"/>
      <line num="46" count="1" type="stmt"/>
      <line num="50" count="2" type="cond" truecount="3" falsecount="0"/>
      <line num="51" count="1" type="stmt"/>
      <line num="52" count="1" type="stmt"/>
      <line num="53" count="1" type="stmt"/>
    </file>
    <file name="Folder.ts" path="/Users/axelhuon/Lab/Cours/TDD/td-rendu/class/Folder.ts">
      <metrics statements="15" coveredstatements="15" conditionals="1" coveredconditionals="1" methods="10" coveredmethods="10"/>
      <line num="4" count="1" type="stmt"/>
      <line num="6" count="23" type="stmt"/>
      <line num="10" count="23" type="stmt"/>
      <line num="11" count="23" type="stmt"/>
      <line num="12" count="23" type="stmt"/>
      <line num="16" count="3" type="stmt"/>
      <line num="17" count="3" type="stmt"/>
      <line num="21" count="3" type="stmt"/>
      <line num="22" count="6" type="cond" truecount="1" falsecount="0"/>
      <line num="23" count="6" type="stmt"/>
      <line num="29" count="6" type="stmt"/>
      <line num="33" count="1" type="stmt"/>
      <line num="37" count="1" type="stmt"/>
      <line num="41" count="1" type="stmt"/>
      <line num="45" count="3" type="stmt"/>
    </file>
  </project>
</coverage>
