TN:
SF:class/Author.ts
FN:9,(anonymous_0)
FN:13,(anonymous_1)
FN:17,(anonymous_2)
FN:21,(anonymous_3)
FN:22,(anonymous_4)
FN:29,(anonymous_5)
FN:30,(anonymous_6)
FN:33,(anonymous_7)
FN:37,(anonymous_8)
FNF:9
FNH:9
FNDA:38,(anonymous_0)
FNDA:3,(anonymous_1)
FNDA:1,(anonymous_2)
FNDA:4,(anonymous_3)
FNDA:8,(anonymous_4)
FNDA:1,(anonymous_5)
FNDA:2,(anonymous_6)
FNDA:1,(anonymous_7)
FNDA:1,(anonymous_8)
DA:4,1
DA:6,38
DA:7,38
DA:10,38
DA:14,3
DA:18,1
DA:22,4
DA:23,8
DA:24,8
DA:30,2
DA:34,1
DA:38,1
LF:12
LH:12
BRDA:23,0,0,8
BRF:1
BRH:1
end_of_record
TN:
SF:class/Doc.ts
FN:10,(anonymous_0)
FN:17,(anonymous_1)
FN:21,(anonymous_2)
FN:25,(anonymous_3)
FN:29,(anonymous_4)
FN:33,(anonymous_5)
FN:37,(anonymous_6)
FN:41,(anonymous_7)
FN:45,(anonymous_8)
FN:49,(anonymous_9)
FNF:10
FNH:10
FNDA:35,(anonymous_0)
FNDA:3,(anonymous_1)
FNDA:2,(anonymous_2)
FNDA:3,(anonymous_3)
FNDA:1,(anonymous_4)
FNDA:1,(anonymous_5)
FNDA:1,(anonymous_6)
FNDA:1,(anonymous_7)
FNDA:1,(anonymous_8)
FNDA:2,(anonymous_9)
DA:4,1
DA:11,35
DA:12,35
DA:13,35
DA:14,35
DA:18,3
DA:22,2
DA:26,3
DA:30,1
DA:34,1
DA:38,1
DA:42,1
DA:46,1
DA:50,2
DA:51,1
DA:52,1
DA:53,1
LF:17
LH:17
BRDA:50,0,0,1
BRDA:50,1,0,2
BRDA:50,1,1,1
BRF:3
BRH:3
end_of_record
TN:
SF:class/Folder.ts
FN:9,(anonymous_0)
FN:15,(anonymous_1)
FN:20,(anonymous_2)
FN:21,(anonymous_3)
FN:28,(anonymous_4)
FN:32,(anonymous_5)
FN:36,(anonymous_6)
FN:40,(anonymous_7)
FN:44,(anonymous_8)
FN:45,(anonymous_9)
FNF:10
FNH:10
FNDA:23,(anonymous_0)
FNDA:3,(anonymous_1)
FNDA:3,(anonymous_2)
FNDA:6,(anonymous_3)
FNDA:6,(anonymous_4)
FNDA:1,(anonymous_5)
FNDA:1,(anonymous_6)
FNDA:1,(anonymous_7)
FNDA:2,(anonymous_8)
FNDA:3,(anonymous_9)
DA:4,1
DA:6,23
DA:10,23
DA:11,23
DA:12,23
DA:16,3
DA:17,3
DA:21,3
DA:22,6
DA:23,6
DA:29,6
DA:33,1
DA:37,1
DA:41,1
DA:45,3
LF:15
LH:15
BRDA:22,0,0,6
BRF:1
BRH:1
end_of_record
